At time x	process y	state    	arr w	total z	remain y	wait k
At time 1	process 1	started    	arr 1	total 25	remain 25	wait 0
At time 5	process 1	stopped     arr 1	total 25	remain 21	wait 0 
At time 5	process 2	started    	arr 4	total 17	remain 17	wait 1
At time 6	process 2	stopped     arr 4	total 17	remain 16	wait 1 
At time 6	process 1	resumed     arr 1	total 25	remain 21	wait 1  
At time 7	process 1	stopped     arr 1	total 25	remain 20	wait 1 
At time 7	process 3	started    	arr 6	total 5	remain 5	wait 1
At time 8	process 3	stopped     arr 6	total 5	remain 4	wait 1 
At time 8	process 2	resumed     arr 4	total 17	remain 16	wait 2  
At time 9	process 2	stopped     arr 4	total 17	remain 15	wait 2 
At time 9	process 1	resumed     arr 1	total 25	remain 20	wait 3  
At time 10	process 1	stopped     arr 1	total 25	remain 19	wait 3 
At time 10	process 3	resumed     arr 6	total 5	remain 4	wait 2  
At time 11	process 3	stopped     arr 6	total 5	remain 3	wait 2 
At time 11	process 2	resumed     arr 4	total 17	remain 15	wait 4  
At time 12	process 2	stopped     arr 4	total 17	remain 14	wait 4 
At time 12	process 1	resumed     arr 1	total 25	remain 19	wait 5  
At time 13	process 1	stopped     arr 1	total 25	remain 19	wait 5 
At time 13	process 3	resumed     arr 6	total 5	remain 3	wait 4  
At time 14	process 3	stopped     arr 6	total 5	remain 2	wait 4 
At time 14	process 2	resumed     arr 4	total 17	remain 14	wait 6  
At time 15	process 2	stopped     arr 4	total 17	remain 13	wait 6 
At time 15	process 1	resumed     arr 1	total 25	remain 19	wait 8  
At time 16	process 1	stopped     arr 1	total 25	remain 18	wait 8 
At time 16	process 3	resumed     arr 6	total 5	remain 2	wait 6  
At time 17	process 3	stopped     arr 6	total 5	remain 2	wait 6 
At time 17	process 2	resumed     arr 4	total 17	remain 13	wait 8  
At time 18	process 2	stopped     arr 4	total 17	remain 13	wait 8 
At time 18	process 1	resumed     arr 1	total 25	remain 18	wait 10  
At time 19	process 1	stopped     arr 1	total 25	remain 18	wait 10 
At time 19	process 3	resumed     arr 6	total 5	remain 2	wait 9  
At time 20	process 3	stopped     arr 6	total 5	remain 1	wait 9 
At time 20	process 2	resumed     arr 4	total 17	remain 13	wait 11  
At time 21	process 2	stopped     arr 4	total 17	remain 13	wait 11 
At time 21	process 4	started    	arr 18	total 16	remain 16	wait 3
At time 22	process 4	stopped     arr 18	total 16	remain 15	wait 3 
At time 24	process 1	resumed     arr 1	total 25	remain 18	wait 16  
At time 25	process 1	stopped     arr 1	total 25	remain 17	wait 16 
At time 25	process 3	resumed     arr 6	total 5	remain 1	wait 14  
At time 26	process 3	stopped     arr 6	total 5	remain 1	wait 14 
At time 27	process 2	resumed     arr 4	total 17	remain 13	wait 18  
At time 28	process 2	stopped     arr 4	total 17	remain 13	wait 18 
At time 28	process 4	resumed     arr 18	total 16	remain 15	wait 6  
At time 29	process 4	stopped     arr 18	total 16	remain 15	wait 6 
At time 29	process 1	resumed     arr 1	total 25	remain 17	wait 20  
At time 30	process 1	stopped     arr 1	total 25	remain 17	wait 20 
At time 30	process 3	resumed     arr 6	total 5	remain 1	wait 19  
At time 31	process 3	stopped     arr 6	total 5	remain 1	wait 19 
At time 31	process 2	resumed     arr 4	total 17	remain 13	wait 22  
At time 32	process 2	stopped     arr 4	total 17	remain 13	wait 22 
At time 32	process 4	resumed     arr 18	total 16	remain 15	wait 10  
At time 33	process 4	stopped     arr 18	total 16	remain 15	wait 10 
At time 33	process 1	resumed     arr 1	total 25	remain 17	wait 24  
At time 34	process 1	stopped     arr 1	total 25	remain 17	wait 24 
At time 34	process 3	resumed     arr 6	total 5	remain 1	wait 23  
At time 35	process 3	stopped     arr 6	total 5	remain 1	wait 23 
At time 35	process 2	resumed     arr 4	total 17	remain 13	wait 26  
At time 36	process 2	stopped     arr 4	total 17	remain 13	wait 26 
At time 36	process 4	resumed     arr 18	total 16	remain 15	wait 14  
At time 37	process 4	stopped     arr 18	total 16	remain 15	wait 14 
At time 37	process 1	resumed     arr 1	total 25	remain 17	wait 28  
At time 38	process 1	stopped     arr 1	total 25	remain 17	wait 28 
At time 38	process 3	resumed     arr 6	total 5	remain 1	wait 27  
At time 39	process 3	stopped     arr 6	total 5	remain 1	wait 27 
At time 39	process 2	resumed     arr 4	total 17	remain 13	wait 30  
At time 40	process 2	stopped     arr 4	total 17	remain 12	wait 30 
At time 40	process 4	resumed     arr 18	total 16	remain 15	wait 18  
At time 41	process 4	stopped     arr 18	total 16	remain 15	wait 18 
At time 41	process 1	resumed     arr 1	total 25	remain 17	wait 32  
At time 42	process 1	stopped     arr 1	total 25	remain 17	wait 32 
At time 42	process 3	resumed     arr 6	total 5	remain 1	wait 31  
At time 43	process 3	stopped     arr 6	total 5	remain 1	wait 31 
At time 43	process 2	resumed     arr 4	total 17	remain 12	wait 33  
At time 44	process 2	stopped     arr 4	total 17	remain 12	wait 33 
At time 44	process 4	resumed     arr 18	total 16	remain 15	wait 22  
At time 45	process 4	stopped     arr 18	total 16	remain 15	wait 22 
At time 45	process 1	resumed     arr 1	total 25	remain 17	wait 36  
At time 46	process 1	stopped     arr 1	total 25	remain 17	wait 36 
At time 46	process 3	resumed     arr 6	total 5	remain 1	wait 35  
At time 47	process 3	stopped     arr 6	total 5	remain 1	wait 35 
At time 47	process 2	resumed     arr 4	total 17	remain 12	wait 37  
At time 48	process 2	stopped     arr 4	total 17	remain 12	wait 37 
At time 48	process 4	resumed     arr 18	total 16	remain 15	wait 26  
At time 49	process 4	stopped     arr 18	total 16	remain 15	wait 26 
At time 49	process 1	resumed     arr 1	total 25	remain 17	wait 40  
At time 50	process 1	stopped     arr 1	total 25	remain 17	wait 40 
At time 50	process 3	resumed     arr 6	total 5	remain 1	wait 39  
At time 51	process 3	stopped     arr 6	total 5	remain 1	wait 39 
At time 51	process 2	resumed     arr 4	total 17	remain 12	wait 41  
At time 52	process 2	stopped     arr 4	total 17	remain 12	wait 41 
At time 52	process 4	resumed     arr 18	total 16	remain 15	wait 30  
At time 53	process 4	stopped     arr 18	total 16	remain 15	wait 30 
At time 53	process 1	resumed     arr 1	total 25	remain 17	wait 44  
At time 54	process 1	stopped     arr 1	total 25	remain 17	wait 44 
At time 54	process 3	resumed     arr 6	total 5	remain 1	wait 43  
At time 55	process 3	stopped     arr 6	total 5	remain 1	wait 43 
At time 55	process 2	resumed     arr 4	total 17	remain 12	wait 45  
At time 56	process 2	stopped     arr 4	total 17	remain 12	wait 45 
At time 56	process 4	resumed     arr 18	total 16	remain 15	wait 34  
At time 57	process 4	stopped     arr 18	total 16	remain 15	wait 34 
At time 57	process 1	resumed     arr 1	total 25	remain 17	wait 48  
At time 58	process 1	stopped     arr 1	total 25	remain 17	wait 48 
At time 58	process 3	resumed     arr 6	total 5	remain 1	wait 47  
At time 59	process 3	stopped     arr 6	total 5	remain 1	wait 47 
At time 59	process 2	resumed     arr 4	total 17	remain 12	wait 49  
At time 60	process 2	stopped     arr 4	total 17	remain 12	wait 49 
At time 60	process 4	resumed     arr 18	total 16	remain 15	wait 38  
At time 61	process 4	stopped     arr 18	total 16	remain 15	wait 38 
At time 61	process 1	resumed     arr 1	total 25	remain 17	wait 52  
At time 62	process 1	stopped     arr 1	total 25	remain 17	wait 52 
At time 62	process 3	resumed     arr 6	total 5	remain 1	wait 51  
At time 63	process 3	stopped     arr 6	total 5	remain 1	wait 51 
At time 63	process 2	resumed     arr 4	total 17	remain 12	wait 53  
At time 64	process 2	stopped     arr 4	total 17	remain 12	wait 53 
At time 64	process 4	resumed     arr 18	total 16	remain 15	wait 42  
At time 65	process 4	stopped     arr 18	total 16	remain 15	wait 42 
At time 65	process 1	resumed     arr 1	total 25	remain 17	wait 56  
At time 66	process 1	stopped     arr 1	total 25	remain 17	wait 56 
At time 66	process 3	resumed     arr 6	total 5	remain 1	wait 55  
At time 67	process 3	stopped     arr 6	total 5	remain 1	wait 55 
At time 67	process 2	resumed     arr 4	total 17	remain 12	wait 57  
At time 68	process 2	stopped     arr 4	total 17	remain 12	wait 57 
At time 68	process 4	resumed     arr 18	total 16	remain 15	wait 46  
At time 69	process 4	stopped     arr 18	total 16	remain 15	wait 46 
At time 69	process 1	resumed     arr 1	total 25	remain 17	wait 60  
At time 70	process 1	stopped     arr 1	total 25	remain 17	wait 60 
At time 70	process 3	resumed     arr 6	total 5	remain 1	wait 59  
At time 71	process 3	stopped     arr 6	total 5	remain 1	wait 59 
At time 71	process 2	resumed     arr 4	total 17	remain 12	wait 61  
At time 72	process 2	stopped     arr 4	total 17	remain 12	wait 61 
At time 72	process 4	resumed     arr 18	total 16	remain 15	wait 50  
At time 73	process 4	stopped     arr 18	total 16	remain 15	wait 50 
At time 73	process 1	resumed     arr 1	total 25	remain 17	wait 64  
At time 74	process 1	stopped     arr 1	total 25	remain 17	wait 64 
At time 74	process 3	resumed     arr 6	total 5	remain 1	wait 63  
At time 75	process 3	stopped     arr 6	total 5	remain 1	wait 63 
At time 75	process 2	resumed     arr 4	total 17	remain 12	wait 65  
At time 76	process 2	stopped     arr 4	total 17	remain 12	wait 65 
At time 76	process 4	resumed     arr 18	total 16	remain 15	wait 54  
At time 77	process 4	stopped     arr 18	total 16	remain 15	wait 54 
At time 77	process 1	resumed     arr 1	total 25	remain 17	wait 68  
At time 78	process 1	stopped     arr 1	total 25	remain 17	wait 68 
At time 78	process 3	resumed     arr 6	total 5	remain 1	wait 67  
At time 79	process 3	stopped     arr 6	total 5	remain 1	wait 67 
At time 79	process 2	resumed     arr 4	total 17	remain 12	wait 69  
At time 80	process 2	stopped     arr 4	total 17	remain 12	wait 69 
At time 80	process 4	resumed     arr 18	total 16	remain 15	wait 58  
At time 81	process 4	stopped     arr 18	total 16	remain 15	wait 58 
At time 81	process 1	resumed     arr 1	total 25	remain 17	wait 72  
At time 82	process 1	stopped     arr 1	total 25	remain 17	wait 72 
At time 82	process 3	resumed     arr 6	total 5	remain 1	wait 71  
At time 83	process 3	stopped     arr 6	total 5	remain 1	wait 71 
At time 83	process 2	resumed     arr 4	total 17	remain 12	wait 73  
At time 84	process 2	stopped     arr 4	total 17	remain 12	wait 73 
At time 84	process 4	resumed     arr 18	total 16	remain 15	wait 62  
At time 85	process 4	stopped     arr 18	total 16	remain 15	wait 62 
At time 85	process 1	resumed     arr 1	total 25	remain 17	wait 76  
At time 86	process 1	stopped     arr 1	total 25	remain 17	wait 76 
At time 86	process 3	resumed     arr 6	total 5	remain 1	wait 75  
At time 87	process 3	stopped     arr 6	total 5	remain 1	wait 75 
At time 87	process 2	resumed     arr 4	total 17	remain 12	wait 77  
At time 88	process 2	stopped     arr 4	total 17	remain 11	wait 77 
At time 88	process 4	resumed     arr 18	total 16	remain 15	wait 66  
At time 89	process 4	stopped     arr 18	total 16	remain 14	wait 66 
At time 89	process 1	resumed     arr 1	total 25	remain 17	wait 80  
At time 90	process 1	stopped     arr 1	total 25	remain 16	wait 80 
At time 90	process 3	resumed     arr 6	total 5	remain 1	wait 79  
At time 91	process 3	finished	arr 6	total 5	remain 0	wait 79	TA 85	WTA 17.00 
At time 91	process 2	resumed     arr 4	total 17	remain 11	wait 80  
At time 92	process 2	stopped     arr 4	total 17	remain 10	wait 80 
At time 92	process 4	resumed     arr 18	total 16	remain 14	wait 69  
At time 93	process 4	stopped     arr 18	total 16	remain 13	wait 69 
At time 93	process 1	resumed     arr 1	total 25	remain 16	wait 83  
At time 94	process 1	stopped     arr 1	total 25	remain 15	wait 83 
At time 94	process 5	started    	arr 19	total 0	remain 0	wait 75
At time 95	process 5	finished	arr 19	total 0	remain 0	wait 75	TA 76	WTA inf 
At time 95	process 2	resumed     arr 4	total 17	remain 10	wait 83  
At time 96	process 2	stopped     arr 4	total 17	remain 9	wait 83 
At time 96	process 4	resumed     arr 18	total 16	remain 13	wait 72  
At time 97	process 4	stopped     arr 18	total 16	remain 12	wait 72 
At time 97	process 1	resumed     arr 1	total 25	remain 15	wait 86  
At time 98	process 1	stopped     arr 1	total 25	remain 14	wait 86 
At time 98	process 6	started    	arr 19	total 4	remain 4	wait 79
At time 99	process 6	stopped     arr 19	total 4	remain 3	wait 79 
At time 99	process 2	resumed     arr 4	total 17	remain 9	wait 86  
At time 100	process 2	stopped     arr 4	total 17	remain 8	wait 86 
At time 100	process 4	resumed     arr 18	total 16	remain 12	wait 75  
At time 101	process 4	stopped     arr 18	total 16	remain 11	wait 75 
At time 101	process 1	resumed     arr 1	total 25	remain 14	wait 89  
At time 102	process 1	stopped     arr 1	total 25	remain 13	wait 89 
At time 102	process 6	resumed     arr 19	total 4	remain 3	wait 3  
At time 103	process 6	stopped     arr 19	total 4	remain 2	wait 3 
At time 103	process 2	resumed     arr 4	total 17	remain 8	wait 89  
At time 104	process 2	stopped     arr 4	total 17	remain 8	wait 89 
At time 104	process 4	resumed     arr 18	total 16	remain 11	wait 78  
At time 105	process 4	stopped     arr 18	total 16	remain 10	wait 78 
At time 105	process 1	resumed     arr 1	total 25	remain 13	wait 92  
At time 106	process 1	stopped     arr 1	total 25	remain 12	wait 92 
At time 106	process 6	resumed     arr 19	total 4	remain 2	wait 6  
At time 107	process 6	stopped     arr 19	total 4	remain 1	wait 6 
At time 107	process 2	resumed     arr 4	total 17	remain 8	wait 93  
At time 108	process 2	stopped     arr 4	total 17	remain 7	wait 93 
At time 108	process 4	resumed     arr 18	total 16	remain 10	wait 81  
At time 109	process 4	stopped     arr 18	total 16	remain 9	wait 81 
At time 109	process 1	resumed     arr 1	total 25	remain 12	wait 95  
At time 110	process 1	stopped     arr 1	total 25	remain 11	wait 95 
At time 110	process 6	resumed     arr 19	total 4	remain 1	wait 9  
At time 111	process 6	finished	arr 19	total 4	remain 0	wait 9	TA 92	WTA 23.00 
At time 111	process 2	resumed     arr 4	total 17	remain 7	wait 96  
At time 112	process 2	stopped     arr 4	total 17	remain 6	wait 96 
At time 112	process 4	resumed     arr 18	total 16	remain 9	wait 84  
At time 113	process 4	stopped     arr 18	total 16	remain 8	wait 84 
At time 113	process 1	resumed     arr 1	total 25	remain 11	wait 98  
At time 114	process 1	stopped     arr 1	total 25	remain 10	wait 98 
At time 114	process 7	started    	arr 20	total 16	remain 16	wait 94
At time 115	process 7	stopped     arr 20	total 16	remain 15	wait 94 
At time 115	process 2	resumed     arr 4	total 17	remain 6	wait 99  
At time 116	process 2	stopped     arr 4	total 17	remain 5	wait 99 
At time 116	process 4	resumed     arr 18	total 16	remain 8	wait 87  
At time 117	process 4	stopped     arr 18	total 16	remain 7	wait 87 
At time 117	process 1	resumed     arr 1	total 25	remain 10	wait 101  
At time 118	process 1	stopped     arr 1	total 25	remain 9	wait 101 
At time 118	process 7	resumed     arr 20	total 16	remain 15	wait 3  
At time 119	process 7	stopped     arr 20	total 16	remain 14	wait 3 
At time 119	process 2	resumed     arr 4	total 17	remain 5	wait 102  
At time 120	process 2	stopped     arr 4	total 17	remain 5	wait 102 
At time 120	process 4	resumed     arr 18	total 16	remain 7	wait 90  
At time 121	process 4	stopped     arr 18	total 16	remain 6	wait 90 
At time 121	process 1	resumed     arr 1	total 25	remain 9	wait 104  
At time 122	process 1	stopped     arr 1	total 25	remain 9	wait 104 
At time 122	process 7	resumed     arr 20	total 16	remain 14	wait 6  
At time 123	process 7	stopped     arr 20	total 16	remain 13	wait 6 
At time 123	process 2	resumed     arr 4	total 17	remain 5	wait 106  
At time 124	process 2	stopped     arr 4	total 17	remain 4	wait 106 
At time 124	process 4	resumed     arr 18	total 16	remain 6	wait 93  
At time 125	process 4	stopped     arr 18	total 16	remain 6	wait 93 
At time 125	process 1	resumed     arr 1	total 25	remain 9	wait 108  
At time 126	process 1	stopped     arr 1	total 25	remain 8	wait 108 
At time 126	process 7	resumed     arr 20	total 16	remain 13	wait 9  
At time 127	process 7	stopped     arr 20	total 16	remain 12	wait 9 
At time 127	process 2	resumed     arr 4	total 17	remain 4	wait 109  
At time 128	process 2	stopped     arr 4	total 17	remain 3	wait 109 
At time 128	process 4	resumed     arr 18	total 16	remain 6	wait 97  
At time 129	process 4	stopped     arr 18	total 16	remain 5	wait 97 
At time 129	process 1	resumed     arr 1	total 25	remain 8	wait 111  
At time 130	process 1	stopped     arr 1	total 25	remain 7	wait 111 
At time 130	process 7	resumed     arr 20	total 16	remain 12	wait 12  
At time 131	process 7	stopped     arr 20	total 16	remain 11	wait 12 
At time 131	process 2	resumed     arr 4	total 17	remain 3	wait 112  
At time 132	process 2	stopped     arr 4	total 17	remain 2	wait 112 
At time 132	process 4	resumed     arr 18	total 16	remain 5	wait 100  
At time 133	process 4	stopped     arr 18	total 16	remain 4	wait 100 
At time 133	process 1	resumed     arr 1	total 25	remain 7	wait 114  
At time 134	process 1	stopped     arr 1	total 25	remain 6	wait 114 
At time 134	process 7	resumed     arr 20	total 16	remain 11	wait 15  
At time 135	process 7	stopped     arr 20	total 16	remain 10	wait 15 
At time 135	process 2	resumed     arr 4	total 17	remain 2	wait 115  
At time 136	process 2	stopped     arr 4	total 17	remain 2	wait 115 
At time 136	process 4	resumed     arr 18	total 16	remain 4	wait 103  
At time 137	process 4	stopped     arr 18	total 16	remain 3	wait 103 
At time 137	process 1	resumed     arr 1	total 25	remain 6	wait 117  
At time 138	process 1	stopped     arr 1	total 25	remain 5	wait 117 
At time 138	process 7	resumed     arr 20	total 16	remain 10	wait 18  
At time 139	process 7	stopped     arr 20	total 16	remain 9	wait 18 
At time 139	process 2	resumed     arr 4	total 17	remain 2	wait 119  
At time 140	process 2	stopped     arr 4	total 17	remain 1	wait 119 
At time 140	process 4	resumed     arr 18	total 16	remain 3	wait 106  
At time 141	process 4	stopped     arr 18	total 16	remain 2	wait 106 
At time 141	process 1	resumed     arr 1	total 25	remain 5	wait 120  
At time 142	process 1	stopped     arr 1	total 25	remain 5	wait 120 
At time 142	process 7	resumed     arr 20	total 16	remain 9	wait 21  
At time 143	process 7	stopped     arr 20	total 16	remain 9	wait 21 
At time 143	process 2	resumed     arr 4	total 17	remain 1	wait 122  
At time 144	process 2	finished	arr 4	total 17	remain 0	wait 122	TA 140	WTA 8.24 
At time 144	process 4	resumed     arr 18	total 16	remain 2	wait 109  
At time 145	process 4	stopped     arr 18	total 16	remain 2	wait 109 
At time 145	process 1	resumed     arr 1	total 25	remain 5	wait 124  
At time 146	process 1	stopped     arr 1	total 25	remain 4	wait 124 
At time 146	process 7	resumed     arr 20	total 16	remain 9	wait 25  
At time 147	process 7	stopped     arr 20	total 16	remain 8	wait 25 
At time 147	process 4	resumed     arr 18	total 16	remain 2	wait 112  
At time 148	process 4	stopped     arr 18	total 16	remain 1	wait 112 
At time 148	process 1	resumed     arr 1	total 25	remain 4	wait 126  
At time 149	process 1	stopped     arr 1	total 25	remain 3	wait 126 
At time 149	process 7	resumed     arr 20	total 16	remain 8	wait 27  
At time 150	process 7	stopped     arr 20	total 16	remain 7	wait 27 
At time 150	process 4	resumed     arr 18	total 16	remain 1	wait 114  
At time 151	process 4	finished	arr 18	total 16	remain 0	wait 114	TA 133	WTA 8.31 
At time 151	process 1	resumed     arr 1	total 25	remain 3	wait 128  
At time 152	process 1	stopped     arr 1	total 25	remain 3	wait 128 
At time 152	process 7	resumed     arr 20	total 16	remain 7	wait 29  
At time 153	process 7	stopped     arr 20	total 16	remain 6	wait 29 
At time 153	process 1	resumed     arr 1	total 25	remain 3	wait 130  
At time 154	process 1	stopped     arr 1	total 25	remain 2	wait 130 
At time 154	process 7	resumed     arr 20	total 16	remain 6	wait 30  
At time 155	process 7	stopped     arr 20	total 16	remain 5	wait 30 
At time 155	process 1	resumed     arr 1	total 25	remain 2	wait 131  
At time 156	process 1	stopped     arr 1	total 25	remain 1	wait 131 
At time 156	process 7	resumed     arr 20	total 16	remain 5	wait 31  
At time 157	process 7	stopped     arr 20	total 16	remain 4	wait 31 
At time 157	process 1	resumed     arr 1	total 25	remain 1	wait 132  
At time 158	process 1	finished	arr 1	total 25	remain 0	wait 132	TA 157	WTA 6.28 
At time 158	process 7	resumed     arr 20	total 16	remain 4	wait 32  
At time 164	process 7	finished	arr 20	total 16	remain 0	wait 32	TA 144	WTA 9.00 