At time x process y state arr w total z remain y wait k
At time 1 process 1 started arr 1 total 3 remain 3 wait 0
At time 2 process 1 stopped arr 1 total 3 remain 2 wait 0
At time 2 process 2 started arr 1 total 4 remain 4 wait 1
At time 3 process 2 stopped arr 1 total 4 remain 3 wait 1
At time 3 process 3 started arr 1 total 2 remain 2 wait 2
At time 4 process 3 stopped arr 1 total 2 remain 1 wait 2
At time 4 process 4 started arr 1 total 4 remain 4 wait 3
At time 5 process 4 stopped arr 1 total 4 remain 3 wait 3
At time 5 process 1 resumed arr 1 total 3 remain 2 wait 3 
At time 6 process 1 stopped arr 1 total 3 remain 1 wait 3
At time 6 process 2 resumed arr 1 total 4 remain 3 wait 3 
At time 7 process 2 stopped arr 1 total 4 remain 2 wait 3
At time 7 process 3 resumed arr 1 total 2 remain 1 wait 3 
At time 8 process 3 finished arr 1 total 2 remain 0 wait 3 TA 7 WTA 3.50
At time 8 process 4 resumed arr 1 total 4 remain 3 wait 3 
At time 9 process 4 stopped arr 1 total 4 remain 2 wait 3
At time 9 process 5 started arr 6 total 5 remain 5 wait 3
At time 10 process 5 stopped arr 6 total 5 remain 4 wait 3
At time 10 process 1 resumed arr 1 total 3 remain 1 wait 7 
At time 11 process 1 finished arr 1 total 3 remain 0 wait 7 TA 10 WTA 3.33
At time 11 process 2 resumed arr 1 total 4 remain 2 wait 7 
At time 12 process 2 stopped arr 1 total 4 remain 1 wait 7
At time 12 process 4 resumed arr 1 total 4 remain 2 wait 6 
At time 13 process 4 stopped arr 1 total 4 remain 1 wait 6
At time 13 process 5 resumed arr 6 total 5 remain 4 wait 3 
At time 14 process 5 stopped arr 6 total 5 remain 3 wait 3
At time 14 process 2 resumed arr 1 total 4 remain 1 wait 9 
At time 15 process 2 finished arr 1 total 4 remain 0 wait 9 TA 14 WTA 3.50
At time 15 process 4 resumed arr 1 total 4 remain 1 wait 8 
At time 16 process 4 finished arr 1 total 4 remain 0 wait 8 TA 15 WTA 3.75
At time 16 process 5 resumed arr 6 total 5 remain 3 wait 5 
At time 19 process 5 finished arr 6 total 5 remain 0 wait 5 TA 13 WTA 2.60
